<?xml version="1.0" encoding="UTF-8"?>
<!-- Generated by org.testng.reporters.JUnitReportReporter -->
<testsuite hostname="KomalMane" failures="0" tests="2" name="testNGExecutionPackage.JavaTest" time="21.337" errors="0" timestamp="2023-11-30T12:23:19 IST" skipped="0">
  <testcase classname="testNGExecutionPackage.JavaTest" name="java_method" time="10.293"/>
  <testcase classname="testNGExecutionPackage.JavaTest" name="java_method" time="11.044"/>
</testsuite> <!-- testNGExecutionPackage.JavaTest -->
