<?xml version="1.0" encoding="UTF-8"?>
<!-- Generated by org.testng.reporters.JUnitReportReporter -->
<testsuite hostname="KomalMane" failures="0" tests="2" name="testAssertations.AssertationsScriptOnOrangeHRM" time="3.447" errors="0" timestamp="2023-12-05T12:39:43 IST" skipped="0">
  <testcase classname="testAssertations.AssertationsScriptOnOrangeHRM" name="f" time="2.554"/>
  <testcase classname="testAssertations.AssertationsScriptOnOrangeHRM" name="testMethod" time="0.893">
    <system-out>
      <![CDATA[User Created!!]]>
    </system-out>
  </testcase> <!-- testMethod -->
  <system-out>
    <![CDATA[User Created!!]]>
  </system-out>
</testsuite> <!-- testAssertations.AssertationsScriptOnOrangeHRM -->
