<?xml version="1.0" encoding="UTF-8"?>
<!-- Generated by org.testng.reporters.JUnitReportReporter -->
<testsuite hostname="KomalMane" failures="0" tests="6" name="testNGAnnotations_Flags.Flag6" time="0.013" errors="0" timestamp="2023-12-04T12:21:10 IST" skipped="0">
  <testcase classname="testNGAnnotations_Flags.Flag6" name="it1" time="0.007">
    <system-out>
      <![CDATA[it1]]>
    </system-out>
  </testcase> <!-- it1 -->
  <testcase classname="testNGAnnotations_Flags.Flag6" name="it5" time="0.001">
    <system-out>
      <![CDATA[it5]]>
    </system-out>
  </testcase> <!-- it5 -->
  <testcase classname="testNGAnnotations_Flags.Flag6" name="it3" time="0.002">
    <system-out>
      <![CDATA[it3]]>
    </system-out>
  </testcase> <!-- it3 -->
  <testcase classname="testNGAnnotations_Flags.Flag6" name="it4" time="0.001">
    <system-out>
      <![CDATA[it4]]>
    </system-out>
  </testcase> <!-- it4 -->
  <testcase classname="testNGAnnotations_Flags.Flag6" name="it6" time="0.001">
    <system-out>
      <![CDATA[it6]]>
    </system-out>
  </testcase> <!-- it6 -->
  <testcase classname="testNGAnnotations_Flags.Flag6" name="it2" time="0.001">
    <system-out>
      <![CDATA[it2]]>
    </system-out>
  </testcase> <!-- it2 -->
  <system-out>
    <![CDATA[it1
it2
it3
it4
it5
it6]]>
  </system-out>
</testsuite> <!-- testNGAnnotations_Flags.Flag6 -->
