<?xml version="1.0" encoding="UTF-8"?>
<!-- Generated by org.testng.reporters.JUnitReportReporter -->
<testsuite hostname="KomalMane" failures="0" tests="5" name="testNGAnnotations_Flags.ActiTimetestdata" time="10.611" errors="0" timestamp="2023-12-08T11:48:48 IST" skipped="0">
  <testcase classname="testNGAnnotations_Flags.ActiTimetestdata" name="invalidLoginMethod" time="1.562"/>
  <testcase classname="testNGAnnotations_Flags.ActiTimetestdata" name="invalidLoginMethod" time="1.704"/>
  <testcase classname="testNGAnnotations_Flags.ActiTimetestdata" name="invalidLoginMethod" time="1.652"/>
  <testcase classname="testNGAnnotations_Flags.ActiTimetestdata" name="invalidLoginMethod" time="3.956"/>
  <testcase classname="testNGAnnotations_Flags.ActiTimetestdata" name="invalidLoginMethod" time="1.737"/>
</testsuite> <!-- testNGAnnotations_Flags.ActiTimetestdata -->
