<?xml version="1.0" encoding="UTF-8"?>
<!-- Generated by org.testng.reporters.JUnitReportReporter -->
<testsuite hostname="KomalMane" failures="0" tests="2" name="testNGExecutionPackage.Test1" time="0.017" errors="0" timestamp="2023-11-30T12:06:07 IST" skipped="0">
  <testcase classname="testNGExecutionPackage.Test1" name="metod1" time="0.012">
    <system-out>
      <![CDATA[method1 from test1 class]]>
    </system-out>
  </testcase> <!-- metod1 -->
  <testcase classname="testNGExecutionPackage.Test1" name="metod2" time="0.005">
    <system-out>
      <![CDATA[method2 from test1 class]]>
    </system-out>
  </testcase> <!-- metod2 -->
  <system-out>
    <![CDATA[method1 from test1 class
method2 from test3 class
method2 from test2 class4
method1 from test2 class
method1 from test3 class
method2 from test1 class]]>
  </system-out>
</testsuite> <!-- testNGExecutionPackage.Test1 -->
