<?xml version="1.0" encoding="UTF-8"?>
<!-- Generated by org.testng.reporters.JUnitReportReporter -->
<testsuite hostname="KomalMane" failures="0" tests="1" name="testNGAnnotations_Flags.BaseTest" time="0.010" errors="0" timestamp="2023-12-01T12:29:23 IST" skipped="0">
  <testcase classname="testNGAnnotations_Flags.BaseTest" name="f" time="0.010"/>
</testsuite> <!-- testNGAnnotations_Flags.BaseTest -->
