<?xml version="1.0" encoding="UTF-8"?>
<!-- Generated by org.testng.reporters.JUnitReportReporter -->
<testsuite hostname="KomalMane" failures="0" tests="2" name="testNGAnnotations_Flags.AnnotationsClass" time="0.009" errors="0" timestamp="2023-12-01T11:51:55 IST" skipped="0">
  <testcase classname="testNGAnnotations_Flags.AnnotationsClass" name="annotation_TestMethod" time="0.002">
    <system-out>
      <![CDATA[Test1 annotation]]>
    </system-out>
  </testcase> <!-- annotation_TestMethod -->
  <testcase classname="testNGAnnotations_Flags.AnnotationsClass" name="annotation_Test" time="0.007">
    <system-out>
      <![CDATA[Test2 annotation]]>
    </system-out>
  </testcase> <!-- annotation_Test -->
  <system-out>
    <![CDATA[BeforeSuite annotation
BeforeTest annotation
BeforeClass annotation
BeforeMethod annotation
Test2 annotation
afterMethod annotation
BeforeMethod annotation
Test1 annotation
afterMethod annotation
AfterClass annotation
afterTest annotation
afterSuite annotation]]>
  </system-out>
</testsuite> <!-- testNGAnnotations_Flags.AnnotationsClass -->
