<?xml version="1.0" encoding="UTF-8"?>
<!-- Generated by org.testng.reporters.JUnitReportReporter -->
<testsuite hostname="KomalMane" failures="0" tests="2" name="testNGExecutionPackage.SeleniumTest" time="19.950" errors="0" timestamp="2023-11-30T12:23:19 IST" skipped="0">
  <testcase classname="testNGExecutionPackage.SeleniumTest" name="selenium_method" time="9.942"/>
  <testcase classname="testNGExecutionPackage.SeleniumTest" name="selenium_method" time="10.008"/>
</testsuite> <!-- testNGExecutionPackage.SeleniumTest -->
