<?xml version="1.0" encoding="UTF-8"?>
<!-- Generated by org.testng.reporters.JUnitReportReporter -->
<testsuite hostname="KomalMane" failures="0" tests="2" name="testNGAnnotations_Flags.GoogleSearchTest" time="12.955" errors="0" timestamp="2023-12-02T12:25:30 IST" skipped="0">
  <testcase classname="testNGAnnotations_Flags.GoogleSearchTest" name="search_Java" time="5.391"/>
  <testcase classname="testNGAnnotations_Flags.GoogleSearchTest" name="search_Selenium" time="7.564"/>
</testsuite> <!-- testNGAnnotations_Flags.GoogleSearchTest -->
