<?xml version="1.0" encoding="UTF-8"?>
<!-- Generated by org.testng.reporters.JUnitReportReporter -->
<testsuite hostname="KomalMane" failures="0" tests="1" name="testNGExecutionPackage.SqlTest" time="16.193" errors="0" timestamp="2023-11-30T11:50:34 IST" skipped="0">
  <testcase classname="testNGExecutionPackage.SqlTest" name="sql_method" time="16.193"/>
</testsuite> <!-- testNGExecutionPackage.SqlTest -->
