<?xml version="1.0" encoding="UTF-8"?>
<!-- Generated by org.testng.reporters.JUnitReportReporter -->
<testsuite hostname="KomalMane" failures="0" tests="2" name="testNGPackage.Demo" time="0.011" errors="0" timestamp="2023-11-28T12:28:22 IST" skipped="0">
  <testcase classname="testNGPackage.Demo" name="method1" time="0.009">
    <system-out>
      <![CDATA[Method1 from Demo class!!!]]>
    </system-out>
  </testcase> <!-- method1 -->
  <testcase classname="testNGPackage.Demo" name="method2" time="0.002">
    <system-out>
      <![CDATA[Method2 from Demo class!!!]]>
    </system-out>
  </testcase> <!-- method2 -->
  <system-out>
    <![CDATA[Method1 from Demo class!!!
Method2 from Demo class!!!
Method1 from Remo class!!
Method2 from Remo class
Method1 from Sumo class!!!
Method2 from Remo class]]>
  </system-out>
</testsuite> <!-- testNGPackage.Demo -->
